<?xml version="1.0" encoding="UTF-8"?>
<testng-results ignored="3" total="4" passed="1" failed="0" skipped="0">
  <reporter-output>
  </reporter-output>
  <suite started-at="2022-06-25T16:11:21 CEST" name="Google home page and search tests" finished-at="2022-06-25T16:11:30 CEST" duration-ms="9583">
    <groups>
      <group name="chromeOnlyTests">
        <method signature="GoogleHomePageTests.shouldBeAbleToClickOnGmailLinkAndBeRedirectedToGmailPage()[pri:0, instance:com.googletests.GoogleHomePageTests@116a2108]" name="shouldBeAbleToClickOnGmailLinkAndBeRedirectedToGmailPage" class="com.googletests.GoogleHomePageTests"/>
      </group> <!-- chromeOnlyTests -->
    </groups>
    <test started-at="2022-06-25T16:11:21 CEST" name="Google home tests" finished-at="2022-06-25T16:11:30 CEST" duration-ms="9583">
      <class name="com.googletests.GoogleHomePageTests">
        <test-method is-config="true" signature="beforeTest()[pri:0, instance:com.googletests.GoogleHomePageTests@116a2108]" started-at="2022-06-25T16:11:21 CEST" name="beforeTest" finished-at="2022-06-25T16:11:25 CEST" duration-ms="4423" status="PASS">
          <reporter-output>
          </reporter-output>
        </test-method> <!-- beforeTest -->
        <test-method signature="shouldBeAbleToClickOnGmailLinkAndBeRedirectedToGmailPage()[pri:0, instance:com.googletests.GoogleHomePageTests@116a2108]" started-at="2022-06-25T16:11:25 CEST" name="shouldBeAbleToClickOnGmailLinkAndBeRedirectedToGmailPage" finished-at="2022-06-25T16:11:29 CEST" duration-ms="4016" status="PASS">
          <reporter-output>
          </reporter-output>
        </test-method> <!-- shouldBeAbleToClickOnGmailLinkAndBeRedirectedToGmailPage -->
        <test-method is-config="true" signature="quitDriver()[pri:0, instance:com.googletests.GoogleHomePageTests@116a2108]" started-at="2022-06-25T16:11:29 CEST" name="quitDriver" finished-at="2022-06-25T16:11:30 CEST" duration-ms="748" status="PASS">
          <reporter-output>
          </reporter-output>
        </test-method> <!-- quitDriver -->
      </class> <!-- com.googletests.GoogleHomePageTests -->
    </test> <!-- Google home tests -->
  </suite> <!-- Google home page and search tests -->
</testng-results>
