<?xml version="1.0" encoding="UTF-8"?>
<testsuite xmlns:xsi="http://www.w3.org/2001/XMLSchema-instance" xsi:noNamespaceSchemaLocation="https://maven.apache.org/surefire/maven-surefire-plugin/xsd/surefire-test-report-3.0.xsd" version="3.0" name="TestSuite" time="35.978" tests="6" errors="0" skipped="0" failures="0">
  <properties>
[...]
</properties>
  <testcase name="shouldBeAbleToGetLinksWhichContainSearchedPhrase" classname="com.googletests.GoogleSearchTest" time="2.902">
    <system-out><![CDATA[[INFO ] 2022-06-26 23:03:35.575 [main] pageobjects.GoogleHomePage - Clearing search field
[INFO ] 2022-06-26 23:03:35.635 [main] pageobjects.GoogleHomePage - Searching for text Selenium
[INFO ] 2022-06-26 23:03:37.008 [main] utils.CustomAssertions - Element text Selenium
[INFO ] 2022-06-26 23:03:37.215 [main] utils.CustomAssertions - Element text Selenium. Najgorsze praktyki automatyzacji testów
[INFO ] 2022-06-26 23:03:37.231 [main] utils.CustomAssertions - Element text Selenium – Wikipedia, wolna encyklopedia
[INFO ] 2022-06-26 23:03:37.248 [main] utils.CustomAssertions - Element text Selenium - A browser automation framework and ecosystem.
[INFO ] 2022-06-26 23:03:37.262 [main] utils.CustomAssertions - Element text Selenium with Python — Selenium Python Bindings 2 ...
[INFO ] 2022-06-26 23:03:37.282 [main] utils.CustomAssertions - Element text Wszystko o automatyzacji testów w Selenium - Blog testuj.pl
[INFO ] 2022-06-26 23:03:37.296 [main] utils.CustomAssertions - Element text Selenium - Testowanie Oprogramowania
[INFO ] 2022-06-26 23:03:37.310 [main] utils.CustomAssertions - Element text Selenium IDE, czyli jak zarobi? wi?cej, robi?c mniej?
[INFO ] 2022-06-26 23:03:37.328 [main] utils.CustomAssertions - Element text Testy Automatyczne - Selenium - JavaStart
]]></system-out>
    <system-err><![CDATA[log4j:WARN No appenders could be found for logger (org.testng.TestNG).
log4j:WARN Please initialize the log4j system properly.
log4j:WARN See http://logging.apache.org/log4j/1.2/faq.html#noconfig for more info.
Starting ChromeDriver 102.0.5005.61 (0e59bcc00cc4985ce39ad31c150065f159d95ad3-refs/branch-heads/5005@{#819}) on port 56267
Only local connections are allowed.
Please see https://chromedriver.chromium.org/security-considerations for suggestions on keeping ChromeDriver safe.
ChromeDriver was started successfully.
Jun 26, 2022 11:03:32 PM org.openqa.selenium.remote.ProtocolHandshake createSession
INFO: Detected upstream dialect: W3C
Jun 26, 2022 11:03:33 PM org.openqa.selenium.devtools.CdpVersionFinder findNearestMatch
INFO: Found exact CDP implementation for version 102
]]></system-err>
  </testcase>
  <testcase name="shouldBeAbleToGetVideoSectionOnResultsPage" classname="com.googletests.GoogleSearchTest" time="3.156">
    <system-out><![CDATA[[INFO ] 2022-06-26 23:03:40.081 [main] pageobjects.GoogleHomePage - Clearing search field
[INFO ] 2022-06-26 23:03:40.128 [main] pageobjects.GoogleHomePage - Searching for text Selenium
[INFO ] 2022-06-26 23:03:41.483 [main] pageobjects.GoogleSearchResultsPage - Videos section name: Wideo
[INFO ] 2022-06-26 23:03:41.498 [main] pageobjects.GoogleSearchResultsPage - Number of Youtube videos: 3
]]></system-out>
    <system-err><![CDATA[Starting ChromeDriver 102.0.5005.61 (0e59bcc00cc4985ce39ad31c150065f159d95ad3-refs/branch-heads/5005@{#819}) on port 61659
Only local connections are allowed.
Please see https://chromedriver.chromium.org/security-considerations for suggestions on keeping ChromeDriver safe.
ChromeDriver was started successfully.
Jun 26, 2022 11:03:39 PM org.openqa.selenium.remote.ProtocolHandshake createSession
INFO: Detected upstream dialect: W3C
Jun 26, 2022 11:03:39 PM org.openqa.selenium.devtools.CdpVersionFinder findNearestMatch
INFO: Found exact CDP implementation for version 102
]]></system-err>
  </testcase>
  <testcase name="shouldBeAbleToNavigateToOtherSearchResultsPages" classname="com.googletests.GoogleSearchTest" time="3.297">
    <system-out><![CDATA[[INFO ] 2022-06-26 23:03:46.018 [main] pageobjects.GoogleHomePage - Clearing search field
[INFO ] 2022-06-26 23:03:46.060 [main] pageobjects.GoogleHomePage - Searching for text Selenium
[INFO ] 2022-06-26 23:03:47.360 [main] pageobjects.GoogleSearchResultsPage - Number of result pages: 9
[INFO ] 2022-06-26 23:03:47.392 [main] pageobjects.GoogleSearchResultsPage - Current page: 1
[INFO ] 2022-06-26 23:03:48.337 [main] pageobjects.GoogleSearchResultsPage - Clicking on Nast?pna
[INFO ] 2022-06-26 23:03:48.360 [main] pageobjects.GoogleSearchResultsPage - Current page: 2
[INFO ] 2022-06-26 23:03:49.146 [main] pageobjects.GoogleSearchResultsPage - Clicking on previous page
[INFO ] 2022-06-26 23:03:49.267 [main] pageobjects.GoogleSearchResultsPage - Current page: 1
]]></system-out>
    <system-err><![CDATA[Starting ChromeDriver 102.0.5005.61 (0e59bcc00cc4985ce39ad31c150065f159d95ad3-refs/branch-heads/5005@{#819}) on port 58231
Only local connections are allowed.
Please see https://chromedriver.chromium.org/security-considerations for suggestions on keeping ChromeDriver safe.
ChromeDriver was started successfully.
Jun 26, 2022 11:03:45 PM org.openqa.selenium.remote.ProtocolHandshake createSession
INFO: Detected upstream dialect: W3C
Jun 26, 2022 11:03:45 PM org.openqa.selenium.devtools.CdpVersionFinder findNearestMatch
INFO: Found exact CDP implementation for version 102
]]></system-err>
  </testcase>
  <testcase name="shouldBeAbleToChangeLanguageToSuggestedOne" classname="com.googletests.GoogleHomePageTests" time="1.206">
    <system-out><![CDATA[[INFO ] 2022-06-26 23:03:52.202 [main] pageobjects.GoogleHomePage - Suggested language Korzystaj z Google w tych j?zykach: English
[INFO ] 2022-06-26 23:03:53.263 [main] pageobjects.GoogleHomePage - Changed language to suggested one
[INFO ] 2022-06-26 23:03:53.314 [main] pageobjects.GoogleHomePage - Suggested language Google offered in: polski
]]></system-out>
    <system-err><![CDATA[Starting ChromeDriver 102.0.5005.61 (0e59bcc00cc4985ce39ad31c150065f159d95ad3-refs/branch-heads/5005@{#819}) on port 53079
Only local connections are allowed.
Please see https://chromedriver.chromium.org/security-considerations for suggestions on keeping ChromeDriver safe.
ChromeDriver was started successfully.
Jun 26, 2022 11:03:51 PM org.openqa.selenium.remote.ProtocolHandshake createSession
INFO: Detected upstream dialect: W3C
Jun 26, 2022 11:03:51 PM org.openqa.selenium.devtools.CdpVersionFinder findNearestMatch
INFO: Found exact CDP implementation for version 102
]]></system-err>
  </testcase>
  <testcase name="shouldBeAbleToClickOnGmailLinkAndBeRedirectedToGmailPage" classname="com.googletests.GoogleHomePageTests" time="1.489">
    <system-out><![CDATA[[INFO ] 2022-06-26 23:03:57.697 [main] pageobjects.GoogleHomePage - Clicked on Gmail hyperlink
]]></system-out>
    <system-err><![CDATA[Starting ChromeDriver 102.0.5005.61 (0e59bcc00cc4985ce39ad31c150065f159d95ad3-refs/branch-heads/5005@{#819}) on port 60744
Only local connections are allowed.
Please see https://chromedriver.chromium.org/security-considerations for suggestions on keeping ChromeDriver safe.
ChromeDriver was started successfully.
Jun 26, 2022 11:03:55 PM org.openqa.selenium.remote.ProtocolHandshake createSession
INFO: Detected upstream dialect: W3C
Jun 26, 2022 11:03:55 PM org.openqa.selenium.devtools.CdpVersionFinder findNearestMatch
INFO: Found exact CDP implementation for version 102
]]></system-err>
  </testcase>
  <testcase name="shouldBeAbleToExpandGoogleApplications" classname="com.googletests.GoogleHomePageTests" time="1.306">
    <system-out><![CDATA[[INFO ] 2022-06-26 23:04:01.779 [main] pageobjects.GoogleHomePage - Iframe is displayed true
]]></system-out>
    <system-err><![CDATA[Starting ChromeDriver 102.0.5005.61 (0e59bcc00cc4985ce39ad31c150065f159d95ad3-refs/branch-heads/5005@{#819}) on port 62638
Only local connections are allowed.
Please see https://chromedriver.chromium.org/security-considerations for suggestions on keeping ChromeDriver safe.
ChromeDriver was started successfully.
Jun 26, 2022 11:03:59 PM org.openqa.selenium.remote.ProtocolHandshake createSession
INFO: Detected upstream dialect: W3C
Jun 26, 2022 11:03:59 PM org.openqa.selenium.devtools.CdpVersionFinder findNearestMatch
INFO: Found exact CDP implementation for version 102
]]></system-err>
  </testcase>
</testsuite>