<?xml version="1.0" encoding="UTF-8"?>
<!-- Generated by org.testng.reporters.JUnitXMLReporter -->
<testsuite ignored="3" hostname="EPPLWROW019E" failures="0" tests="1" name="Google home tests" time="9.583" errors="0" timestamp="2022-06-25T16:11:30 CEST">
  <testcase classname="com.googletests.GoogleHomePageTests" name="shouldBeAbleToClickOnGmailLinkAndBeRedirectedToGmailPage" time="4.016"/>
  <testcase classname="com.googletests.GoogleHomePageTests" name="shouldBeAbleToChangeLanguageToSuggestedOne" time="0.0">
    <ignored/>
  </testcase> <!-- shouldBeAbleToChangeLanguageToSuggestedOne -->
  <testcase classname="com.googletests.GoogleSearchTest" name="shouldBeAbleToRetrievePhraseThatIsSearchedFor" time="0.0">
    <ignored/>
  </testcase> <!-- shouldBeAbleToRetrievePhraseThatIsSearchedFor -->
  <testcase classname="com.googletests.GoogleHomePageTests" name="shouldBeAbleToExpandGoogleApplications" time="0.0">
    <ignored/>
  </testcase> <!-- shouldBeAbleToExpandGoogleApplications -->
</testsuite> <!-- Google home tests -->
