<?xml version="1.0" encoding="UTF-8"?>
<!-- Generated by org.testng.reporters.JUnitXMLReporter -->
<testsuite ignored="0" hostname="EPPLWROW019E" failures="0" tests="6" name="Google home tests" time="33.598" errors="0" timestamp="2022-06-26T23:04:02 CEST">
  <testcase classname="com.googletests.GoogleSearchTest" name="shouldBeAbleToGetLinksWhichContainSearchedPhrase" time="2.934"/>
  <testcase classname="com.googletests.GoogleSearchTest" name="shouldBeAbleToGetVideoSectionOnResultsPage" time="3.167"/>
  <testcase classname="com.googletests.GoogleSearchTest" name="shouldBeAbleToNavigateToOtherSearchResultsPages" time="3.31"/>
  <testcase classname="com.googletests.GoogleHomePageTests" name="shouldBeAbleToChangeLanguageToSuggestedOne" time="1.242"/>
  <testcase classname="com.googletests.GoogleHomePageTests" name="shouldBeAbleToClickOnGmailLinkAndBeRedirectedToGmailPage" time="1.499"/>
  <testcase classname="com.googletests.GoogleHomePageTests" name="shouldBeAbleToExpandGoogleApplications" time="1.319"/>
</testsuite> <!-- Google home tests -->
